<?xml version="1.0" encoding="UTF-8"?>
<testsuite xmlns:xsi="http://www.w3.org/2001/XMLSchema-instance" xsi:noNamespaceSchemaLocation="https://maven.apache.org/surefire/maven-surefire-plugin/xsd/surefire-test-report-3.0.xsd" version="3.0" name="TestSuite" time="0.606" tests="0" errors="0" skipped="0" failures="0">
  <properties>
    <property name="java.specification.version" value="17"/>
    <property name="sun.cpu.isalist" value="amd64"/>
    <property name="sun.jnu.encoding" value="Cp1252"/>
    <property name="java.class.path" value="C:\Users\PT-DIKA.DESKTOP-JCSAIMT\IdeaProjects\TestAPICart1\target\test-classes;C:\Users\PT-DIKA.DESKTOP-JCSAIMT\IdeaProjects\TestAPICart1\target\classes;C:\Users\PT-DIKA.DESKTOP-JCSAIMT\.m2\repository\org\testng\testng\7.4.0\testng-7.4.0.jar;C:\Users\PT-DIKA.DESKTOP-JCSAIMT\.m2\repository\com\beust\jcommander\1.78\jcommander-1.78.jar;C:\Users\PT-DIKA.DESKTOP-JCSAIMT\.m2\repository\org\webjars\jquery\3.5.1\jquery-3.5.1.jar;C:\Users\PT-DIKA.DESKTOP-JCSAIMT\.m2\repository\io\rest-assured\rest-assured\4.5.1\rest-assured-4.5.1.jar;C:\Users\PT-DIKA.DESKTOP-JCSAIMT\.m2\repository\org\codehaus\groovy\groovy\3.0.9\groovy-3.0.9.jar;C:\Users\PT-DIKA.DESKTOP-JCSAIMT\.m2\repository\org\codehaus\groovy\groovy-xml\3.0.9\groovy-xml-3.0.9.jar;C:\Users\PT-DIKA.DESKTOP-JCSAIMT\.m2\repository\org\apache\httpcomponents\httpclient\4.5.13\httpclient-4.5.13.jar;C:\Users\PT-DIKA.DESKTOP-JCSAIMT\.m2\repository\org\apache\httpcomponents\httpcore\4.4.13\httpcore-4.4.13.jar;C:\Users\PT-DIKA.DESKTOP-JCSAIMT\.m2\repository\commons-logging\commons-logging\1.2\commons-logging-1.2.jar;C:\Users\PT-DIKA.DESKTOP-JCSAIMT\.m2\repository\commons-codec\commons-codec\1.11\commons-codec-1.11.jar;C:\Users\PT-DIKA.DESKTOP-JCSAIMT\.m2\repository\org\apache\httpcomponents\httpmime\4.5.13\httpmime-4.5.13.jar;C:\Users\PT-DIKA.DESKTOP-JCSAIMT\.m2\repository\org\hamcrest\hamcrest\2.1\hamcrest-2.1.jar;C:\Users\PT-DIKA.DESKTOP-JCSAIMT\.m2\repository\org\ccil\cowan\tagsoup\tagsoup\1.2.1\tagsoup-1.2.1.jar;C:\Users\PT-DIKA.DESKTOP-JCSAIMT\.m2\repository\io\rest-assured\json-path\4.5.1\json-path-4.5.1.jar;C:\Users\PT-DIKA.DESKTOP-JCSAIMT\.m2\repository\org\codehaus\groovy\groovy-json\3.0.9\groovy-json-3.0.9.jar;C:\Users\PT-DIKA.DESKTOP-JCSAIMT\.m2\repository\io\rest-assured\rest-assured-common\4.5.1\rest-assured-common-4.5.1.jar;C:\Users\PT-DIKA.DESKTOP-JCSAIMT\.m2\repository\io\rest-assured\xml-path\4.5.1\xml-path-4.5.1.jar;C:\Users\PT-DIKA.DESKTOP-JCSAIMT\.m2\repository\org\apache\commons\commons-lang3\3.11\commons-lang3-3.11.jar;C:\Users\PT-DIKA.DESKTOP-JCSAIMT\.m2\repository\com\googlecode\json-simple\json-simple\1.1.1\json-simple-1.1.1.jar;C:\Users\PT-DIKA.DESKTOP-JCSAIMT\.m2\repository\junit\junit\4.10\junit-4.10.jar;C:\Users\PT-DIKA.DESKTOP-JCSAIMT\.m2\repository\org\hamcrest\hamcrest-library\1.3\hamcrest-library-1.3.jar;C:\Users\PT-DIKA.DESKTOP-JCSAIMT\.m2\repository\org\hamcrest\hamcrest-core\1.3\hamcrest-core-1.3.jar;"/>
    <property name="java.vm.vendor" value="Oracle Corporation"/>
    <property name="sun.arch.data.model" value="64"/>
    <property name="user.variant" value=""/>
    <property name="java.vendor.url" value="https://java.oracle.com/"/>
    <property name="user.timezone" value="Asia/Jakarta"/>
    <property name="os.name" value="Windows 10"/>
    <property name="java.vm.specification.version" value="17"/>
    <property name="sun.java.launcher" value="SUN_STANDARD"/>
    <property name="user.country" value="ID"/>
    <property name="sun.boot.library.path" value="C:\Program Files\Java\jdk-17\bin"/>
    <property name="sun.java.command" value="C:\Users\PT-DIKA.DESKTOP-JCSAIMT\AppData\Local\Temp\surefire13048098777327023752\surefirebooter-20241209111923331_3.jar C:\Users\PT-DIKA.DESKTOP-JCSAIMT\AppData\Local\Temp\surefire13048098777327023752 2024-12-09T11-19-22_945-jvmRun1 surefire-20241209111923331_1tmp surefire_0-20241209111923331_2tmp"/>
    <property name="jdk.debug" value="release"/>
    <property name="surefire.test.class.path" value="C:\Users\PT-DIKA.DESKTOP-JCSAIMT\IdeaProjects\TestAPICart1\target\test-classes;C:\Users\PT-DIKA.DESKTOP-JCSAIMT\IdeaProjects\TestAPICart1\target\classes;C:\Users\PT-DIKA.DESKTOP-JCSAIMT\.m2\repository\org\testng\testng\7.4.0\testng-7.4.0.jar;C:\Users\PT-DIKA.DESKTOP-JCSAIMT\.m2\repository\com\beust\jcommander\1.78\jcommander-1.78.jar;C:\Users\PT-DIKA.DESKTOP-JCSAIMT\.m2\repository\org\webjars\jquery\3.5.1\jquery-3.5.1.jar;C:\Users\PT-DIKA.DESKTOP-JCSAIMT\.m2\repository\io\rest-assured\rest-assured\4.5.1\rest-assured-4.5.1.jar;C:\Users\PT-DIKA.DESKTOP-JCSAIMT\.m2\repository\org\codehaus\groovy\groovy\3.0.9\groovy-3.0.9.jar;C:\Users\PT-DIKA.DESKTOP-JCSAIMT\.m2\repository\org\codehaus\groovy\groovy-xml\3.0.9\groovy-xml-3.0.9.jar;C:\Users\PT-DIKA.DESKTOP-JCSAIMT\.m2\repository\org\apache\httpcomponents\httpclient\4.5.13\httpclient-4.5.13.jar;C:\Users\PT-DIKA.DESKTOP-JCSAIMT\.m2\repository\org\apache\httpcomponents\httpcore\4.4.13\httpcore-4.4.13.jar;C:\Users\PT-DIKA.DESKTOP-JCSAIMT\.m2\repository\commons-logging\commons-logging\1.2\commons-logging-1.2.jar;C:\Users\PT-DIKA.DESKTOP-JCSAIMT\.m2\repository\commons-codec\commons-codec\1.11\commons-codec-1.11.jar;C:\Users\PT-DIKA.DESKTOP-JCSAIMT\.m2\repository\org\apache\httpcomponents\httpmime\4.5.13\httpmime-4.5.13.jar;C:\Users\PT-DIKA.DESKTOP-JCSAIMT\.m2\repository\org\hamcrest\hamcrest\2.1\hamcrest-2.1.jar;C:\Users\PT-DIKA.DESKTOP-JCSAIMT\.m2\repository\org\ccil\cowan\tagsoup\tagsoup\1.2.1\tagsoup-1.2.1.jar;C:\Users\PT-DIKA.DESKTOP-JCSAIMT\.m2\repository\io\rest-assured\json-path\4.5.1\json-path-4.5.1.jar;C:\Users\PT-DIKA.DESKTOP-JCSAIMT\.m2\repository\org\codehaus\groovy\groovy-json\3.0.9\groovy-json-3.0.9.jar;C:\Users\PT-DIKA.DESKTOP-JCSAIMT\.m2\repository\io\rest-assured\rest-assured-common\4.5.1\rest-assured-common-4.5.1.jar;C:\Users\PT-DIKA.DESKTOP-JCSAIMT\.m2\repository\io\rest-assured\xml-path\4.5.1\xml-path-4.5.1.jar;C:\Users\PT-DIKA.DESKTOP-JCSAIMT\.m2\repository\org\apache\commons\commons-lang3\3.11\commons-lang3-3.11.jar;C:\Users\PT-DIKA.DESKTOP-JCSAIMT\.m2\repository\com\googlecode\json-simple\json-simple\1.1.1\json-simple-1.1.1.jar;C:\Users\PT-DIKA.DESKTOP-JCSAIMT\.m2\repository\junit\junit\4.10\junit-4.10.jar;C:\Users\PT-DIKA.DESKTOP-JCSAIMT\.m2\repository\org\hamcrest\hamcrest-library\1.3\hamcrest-library-1.3.jar;C:\Users\PT-DIKA.DESKTOP-JCSAIMT\.m2\repository\org\hamcrest\hamcrest-core\1.3\hamcrest-core-1.3.jar;"/>
    <property name="sun.cpu.endian" value="little"/>
    <property name="user.home" value="C:\Users\PT-DIKA.DESKTOP-JCSAIMT"/>
    <property name="user.language" value="en"/>
    <property name="java.specification.vendor" value="Oracle Corporation"/>
    <property name="java.version.date" value="2023-07-18"/>
    <property name="java.home" value="C:\Program Files\Java\jdk-17"/>
    <property name="file.separator" value="\"/>
    <property name="basedir" value="C:\Users\PT-DIKA.DESKTOP-JCSAIMT\IdeaProjects\TestAPICart1"/>
    <property name="java.vm.compressedOopsMode" value="Zero based"/>
    <property name="line.separator" value="&#10;"/>
    <property name="java.vm.specification.vendor" value="Oracle Corporation"/>
    <property name="java.specification.name" value="Java Platform API Specification"/>
    <property name="surefire.real.class.path" value="C:\Users\PT-DIKA.DESKTOP-JCSAIMT\AppData\Local\Temp\surefire13048098777327023752\surefirebooter-20241209111923331_3.jar"/>
    <property name="user.script" value=""/>
    <property name="sun.management.compiler" value="HotSpot 64-Bit Tiered Compilers"/>
    <property name="java.runtime.version" value="17.0.8+9-LTS-211"/>
    <property name="user.name" value="PT-DIKA"/>
    <property name="path.separator" value=";"/>
    <property name="os.version" value="10.0"/>
    <property name="java.runtime.name" value="Java(TM) SE Runtime Environment"/>
    <property name="file.encoding" value="Cp1252"/>
    <property name="java.vm.name" value="Java HotSpot(TM) 64-Bit Server VM"/>
    <property name="localRepository" value="C:\Users\PT-DIKA.DESKTOP-JCSAIMT\.m2\repository"/>
    <property name="java.vendor.url.bug" value="https://bugreport.java.com/bugreport/"/>
    <property name="java.io.tmpdir" value="C:\Users\PT-DIK~1.DES\AppData\Local\Temp\"/>
    <property name="idea.version" value="2024.3"/>
    <property name="java.version" value="17.0.8"/>
    <property name="user.dir" value="C:\Users\PT-DIKA.DESKTOP-JCSAIMT\IdeaProjects\TestAPICart1"/>
    <property name="os.arch" value="amd64"/>
    <property name="java.vm.specification.name" value="Java Virtual Machine Specification"/>
    <property name="sun.os.patch.level" value=""/>
    <property name="native.encoding" value="Cp1252"/>
    <property name="java.library.path" value="C:\Program Files\Java\jdk-17\bin;C:\Windows\Sun\Java\bin;C:\Windows\system32;C:\Windows;C:\Program Files\Common Files\Oracle\Java\javapath;C:\Windows\system32;C:\Windows;C:\Windows\System32\Wbem;C:\Windows\System32\WindowsPowerShell\v1.0\;C:\Windows\System32\OpenSSH\;C:\Users\PT-DIKA.DESKTOP-JCSAIMT\MAVEN-BIN\apache-maven-3.9.9\bin;C:\Users\PT-DIKA.DESKTOP-JCSAIMT\AppData\Local\Microsoft\WindowsApps;C:\Users\PT-DIKA.DESKTOP-JCSAIMT\AppData\Local\Programs\Microsoft VS Code\bin;C:\Users\PT-DIKA.DESKTOP-JCSAIMT\AppData\Local\Programs\Git\cmd;."/>
    <property name="java.vm.info" value="mixed mode, sharing"/>
    <property name="java.vendor" value="Oracle Corporation"/>
    <property name="java.vm.version" value="17.0.8+9-LTS-211"/>
    <property name="sun.io.unicode.encoding" value="UnicodeLittle"/>
    <property name="java.class.version" value="61.0"/>
  </properties>
</testsuite>